{"timestamp":"2025-10-11T13:34:26.289636Z","level":"INFO","fields":{"message":"Initilizing"},"target":"ssb_0_6_x"}
{"timestamp":"2025-10-11T13:34:26.289736Z","level":"INFO","fields":{"message":"Found port for web server: 5446"},"target":"ssb_0_6_x"}
{"timestamp":"2025-10-11T13:34:26.289758Z","level":"INFO","fields":{"message":"Starting watcher"},"target":"simple_site_builder::watcher"}
{"timestamp":"2025-10-11T13:34:26.289798Z","level":"INFO","fields":{"message":"Starting web server"},"target":"simple_site_builder::server"}
{"timestamp":"2025-10-11T13:34:26.289820Z","level":"INFO","fields":{"message":"Starting builder"},"target":"simple_site_builder::builder"}
{"timestamp":"2025-10-11T13:34:26.289849Z","level":"INFO","fields":{"message":"Building site on port 5446."},"target":"simple_site_builder::builder"}
{"timestamp":"2025-10-11T13:34:26.289939Z","level":"INFO","fields":{"message":"obtaining pathset","config_pathset":"[WatchedPath { path: \"content\", recursive: true }, WatchedPath { path: \"support\", recursive: true }]"},"target":"watchexec::sources::fs"}
{"timestamp":"2025-10-11T13:34:26.299406Z","level":"ERROR","fields":{"message":"notify watch() error","err":"Error { kind: PathNotFound, paths: [\"support\"] }"},"target":"watchexec::sources::fs"}
{"timestamp":"2025-10-11T13:34:26.299446Z","level":"ERROR","fields":{"message":"runtime error","err":"Native fs watcher error"},"target":"watchexec::watchexec"}
{"timestamp":"2025-10-11T13:34:26.307738Z","level":"INFO","fields":{"message":"Transforming HTML."},"target":"simple_site_builder::builder"}
{"timestamp":"2025-10-11T13:34:26.307997Z","level":"INFO","fields":{"message":"Loading data."},"target":"simple_site_builder::builder"}
{"timestamp":"2025-10-11T13:34:26.308320Z","level":"INFO","fields":{"message":"Copying files."},"target":"simple_site_builder::builder"}
{"timestamp":"2025-10-11T13:34:26.310126Z","level":"INFO","fields":{"message":"Copying JavaScript Files."},"target":"simple_site_builder::builder"}
{"timestamp":"2025-10-11T13:34:26.311395Z","level":"INFO","fields":{"message":"Build complete. Reloading browser on port 5446."},"target":"simple_site_builder::builder"}
{"timestamp":"2025-10-11T13:35:24.112231Z","level":"INFO","fields":{"message":"Building site on port 5446."},"target":"simple_site_builder::builder"}
{"timestamp":"2025-10-11T13:35:24.147973Z","level":"INFO","fields":{"message":"Transforming HTML."},"target":"simple_site_builder::builder"}
{"timestamp":"2025-10-11T13:35:24.148287Z","level":"INFO","fields":{"message":"Loading data."},"target":"simple_site_builder::builder"}
{"timestamp":"2025-10-11T13:35:24.148737Z","level":"INFO","fields":{"message":"Copying files."},"target":"simple_site_builder::builder"}
{"timestamp":"2025-10-11T13:35:24.149830Z","level":"INFO","fields":{"message":"Copying JavaScript Files."},"target":"simple_site_builder::builder"}
{"timestamp":"2025-10-11T13:35:24.151248Z","level":"INFO","fields":{"message":"Build complete. Reloading browser on port 5446."},"target":"simple_site_builder::builder"}
{"timestamp":"2025-10-11T13:35:42.250878Z","level":"INFO","fields":{"message":"Building site on port 5446."},"target":"simple_site_builder::builder"}
{"timestamp":"2025-10-11T13:35:42.272776Z","level":"INFO","fields":{"message":"Transforming HTML."},"target":"simple_site_builder::builder"}
{"timestamp":"2025-10-11T13:35:42.273025Z","level":"INFO","fields":{"message":"Loading data."},"target":"simple_site_builder::builder"}
{"timestamp":"2025-10-11T13:35:42.273317Z","level":"INFO","fields":{"message":"Copying files."},"target":"simple_site_builder::builder"}
{"timestamp":"2025-10-11T13:35:42.274581Z","level":"INFO","fields":{"message":"Copying JavaScript Files."},"target":"simple_site_builder::builder"}
{"timestamp":"2025-10-11T13:35:42.275493Z","level":"INFO","fields":{"message":"Build complete. Reloading browser on port 5446."},"target":"simple_site_builder::builder"}
{"timestamp":"2025-10-11T13:36:06.033276Z","level":"INFO","fields":{"message":"Building site on port 5446."},"target":"simple_site_builder::builder"}
{"timestamp":"2025-10-11T13:36:06.049982Z","level":"INFO","fields":{"message":"Transforming HTML."},"target":"simple_site_builder::builder"}
{"timestamp":"2025-10-11T13:36:06.050214Z","level":"INFO","fields":{"message":"Loading data."},"target":"simple_site_builder::builder"}
{"timestamp":"2025-10-11T13:36:06.050547Z","level":"INFO","fields":{"message":"Copying files."},"target":"simple_site_builder::builder"}
{"timestamp":"2025-10-11T13:36:06.051565Z","level":"INFO","fields":{"message":"Copying JavaScript Files."},"target":"simple_site_builder::builder"}
{"timestamp":"2025-10-11T13:36:06.052750Z","level":"INFO","fields":{"message":"Build complete. Reloading browser on port 5446."},"target":"simple_site_builder::builder"}
{"timestamp":"2025-10-11T13:36:09.221869Z","level":"INFO","fields":{"message":"Building site on port 5446."},"target":"simple_site_builder::builder"}
{"timestamp":"2025-10-11T13:36:09.245599Z","level":"INFO","fields":{"message":"Transforming HTML."},"target":"simple_site_builder::builder"}
{"timestamp":"2025-10-11T13:36:09.246010Z","level":"INFO","fields":{"message":"Loading data."},"target":"simple_site_builder::builder"}
{"timestamp":"2025-10-11T13:36:09.246435Z","level":"INFO","fields":{"message":"Copying files."},"target":"simple_site_builder::builder"}
{"timestamp":"2025-10-11T13:36:09.247435Z","level":"INFO","fields":{"message":"Copying JavaScript Files."},"target":"simple_site_builder::builder"}
{"timestamp":"2025-10-11T13:36:09.248223Z","level":"INFO","fields":{"message":"Build complete. Reloading browser on port 5446."},"target":"simple_site_builder::builder"}
{"timestamp":"2025-10-11T13:36:10.655492Z","level":"INFO","fields":{"message":"Building site on port 5446."},"target":"simple_site_builder::builder"}
{"timestamp":"2025-10-11T13:36:10.686225Z","level":"INFO","fields":{"message":"Transforming HTML."},"target":"simple_site_builder::builder"}
{"timestamp":"2025-10-11T13:36:10.686458Z","level":"INFO","fields":{"message":"Loading data."},"target":"simple_site_builder::builder"}
{"timestamp":"2025-10-11T13:36:10.686947Z","level":"INFO","fields":{"message":"Copying files."},"target":"simple_site_builder::builder"}
{"timestamp":"2025-10-11T13:36:10.688104Z","level":"INFO","fields":{"message":"Copying JavaScript Files."},"target":"simple_site_builder::builder"}
{"timestamp":"2025-10-11T13:36:10.689159Z","level":"INFO","fields":{"message":"Build complete. Reloading browser on port 5446."},"target":"simple_site_builder::builder"}
