{"timestamp":"2025-11-19T22:00:30.583848Z","level":"INFO","fields":{"message":"Initilizing"},"target":"ssb_0_8"}
{"timestamp":"2025-11-19T22:00:30.583951Z","level":"INFO","fields":{"message":"Found port for web server: 5444"},"target":"ssb_0_8"}
{"timestamp":"2025-11-19T22:00:30.583975Z","level":"INFO","fields":{"message":"Starting watcher"},"target":"simple_site_builder::watcher"}
{"timestamp":"2025-11-19T22:00:30.583986Z","level":"INFO","fields":{"message":"Starting web server"},"target":"simple_site_builder::server"}
{"timestamp":"2025-11-19T22:00:30.583992Z","level":"INFO","fields":{"message":"Starting builder"},"target":"simple_site_builder::builder"}
{"timestamp":"2025-11-19T22:00:30.584017Z","level":"INFO","fields":{"message":"Building site on port 5444."},"target":"simple_site_builder::builder"}
{"timestamp":"2025-11-19T22:00:30.584100Z","level":"INFO","fields":{"message":"obtaining pathset","config_pathset":"[WatchedPath { path: \"content\", recursive: true }, WatchedPath { path: \"support\", recursive: true }]"},"target":"watchexec::sources::fs"}
{"timestamp":"2025-11-19T22:00:30.590766Z","level":"INFO","fields":{"message":"Initial Pass: Loading File List..."},"target":"simple_site_builder::builder"}
{"timestamp":"2025-11-19T22:00:30.595179Z","level":"INFO","fields":{"message":"Initial Pass: Copying files..."},"target":"simple_site_builder::builder"}
{"timestamp":"2025-11-19T22:00:30.626327Z","level":"INFO","fields":{"message":"Initial Pass: Transform Files..."},"target":"simple_site_builder::builder"}
{"timestamp":"2025-11-19T22:00:30.626871Z","level":"INFO","fields":{"message":"Loading JSONs."},"target":"simple_site_builder::builder"}
{"timestamp":"2025-11-19T22:00:30.673161Z","level":"INFO","fields":{"message":"Output Pass: Loading File List..."},"target":"simple_site_builder::builder"}
{"timestamp":"2025-11-19T22:00:30.673534Z","level":"INFO","fields":{"message":"Initial Pass: Copying files..."},"target":"simple_site_builder::builder"}
{"timestamp":"2025-11-19T22:00:30.677825Z","level":"INFO","fields":{"message":"Initial Pass: Transform Files..."},"target":"simple_site_builder::builder"}
{"timestamp":"2025-11-19T22:00:30.678180Z","level":"INFO","fields":{"message":"Loading JSONs."},"target":"simple_site_builder::builder"}
{"timestamp":"2025-11-19T22:00:30.686761Z","level":"INFO","fields":{"message":"Build complete. Reloading browser on port 5444."},"target":"simple_site_builder::builder"}
{"timestamp":"2025-11-19T22:06:00.648298Z","level":"INFO","fields":{"message":"Building site on port 5444."},"target":"simple_site_builder::builder"}
{"timestamp":"2025-11-19T22:06:00.651384Z","level":"INFO","fields":{"message":"Initial Pass: Loading File List..."},"target":"simple_site_builder::builder"}
{"timestamp":"2025-11-19T22:06:00.652400Z","level":"INFO","fields":{"message":"Initial Pass: Copying files..."},"target":"simple_site_builder::builder"}
{"timestamp":"2025-11-19T22:06:00.668009Z","level":"INFO","fields":{"message":"Initial Pass: Transform Files..."},"target":"simple_site_builder::builder"}
{"timestamp":"2025-11-19T22:06:00.668405Z","level":"INFO","fields":{"message":"Loading JSONs."},"target":"simple_site_builder::builder"}
{"timestamp":"2025-11-19T22:06:00.711956Z","level":"INFO","fields":{"message":"Output Pass: Loading File List..."},"target":"simple_site_builder::builder"}
{"timestamp":"2025-11-19T22:06:00.712267Z","level":"INFO","fields":{"message":"Initial Pass: Copying files..."},"target":"simple_site_builder::builder"}
{"timestamp":"2025-11-19T22:06:00.716306Z","level":"INFO","fields":{"message":"Initial Pass: Transform Files..."},"target":"simple_site_builder::builder"}
{"timestamp":"2025-11-19T22:06:00.716604Z","level":"INFO","fields":{"message":"Loading JSONs."},"target":"simple_site_builder::builder"}
{"timestamp":"2025-11-19T22:06:00.726381Z","level":"INFO","fields":{"message":"Build complete. Reloading browser on port 5444."},"target":"simple_site_builder::builder"}
{"timestamp":"2025-11-19T22:06:45.785005Z","level":"INFO","fields":{"message":"Building site on port 5444."},"target":"simple_site_builder::builder"}
{"timestamp":"2025-11-19T22:06:45.788932Z","level":"INFO","fields":{"message":"Initial Pass: Loading File List..."},"target":"simple_site_builder::builder"}
{"timestamp":"2025-11-19T22:06:45.789521Z","level":"INFO","fields":{"message":"Initial Pass: Copying files..."},"target":"simple_site_builder::builder"}
{"timestamp":"2025-11-19T22:06:45.793673Z","level":"INFO","fields":{"message":"Initial Pass: Transform Files..."},"target":"simple_site_builder::builder"}
{"timestamp":"2025-11-19T22:06:45.794065Z","level":"INFO","fields":{"message":"Loading JSONs."},"target":"simple_site_builder::builder"}
{"timestamp":"2025-11-19T22:06:45.837115Z","level":"INFO","fields":{"message":"Output Pass: Loading File List..."},"target":"simple_site_builder::builder"}
{"timestamp":"2025-11-19T22:06:45.837582Z","level":"INFO","fields":{"message":"Initial Pass: Copying files..."},"target":"simple_site_builder::builder"}
{"timestamp":"2025-11-19T22:06:45.847698Z","level":"INFO","fields":{"message":"Initial Pass: Transform Files..."},"target":"simple_site_builder::builder"}
{"timestamp":"2025-11-19T22:06:45.847994Z","level":"INFO","fields":{"message":"Loading JSONs."},"target":"simple_site_builder::builder"}
{"timestamp":"2025-11-19T22:06:45.858058Z","level":"INFO","fields":{"message":"Build complete. Reloading browser on port 5444."},"target":"simple_site_builder::builder"}
{"timestamp":"2025-11-19T22:07:18.570469Z","level":"INFO","fields":{"message":"Building site on port 5444."},"target":"simple_site_builder::builder"}
{"timestamp":"2025-11-19T22:07:18.573314Z","level":"INFO","fields":{"message":"Initial Pass: Loading File List..."},"target":"simple_site_builder::builder"}
{"timestamp":"2025-11-19T22:07:18.573830Z","level":"INFO","fields":{"message":"Initial Pass: Copying files..."},"target":"simple_site_builder::builder"}
{"timestamp":"2025-11-19T22:07:18.577785Z","level":"INFO","fields":{"message":"Initial Pass: Transform Files..."},"target":"simple_site_builder::builder"}
{"timestamp":"2025-11-19T22:07:18.578187Z","level":"INFO","fields":{"message":"Loading JSONs."},"target":"simple_site_builder::builder"}
{"timestamp":"2025-11-19T22:07:18.622847Z","level":"INFO","fields":{"message":"Output Pass: Loading File List..."},"target":"simple_site_builder::builder"}
{"timestamp":"2025-11-19T22:07:18.623183Z","level":"INFO","fields":{"message":"Initial Pass: Copying files..."},"target":"simple_site_builder::builder"}
{"timestamp":"2025-11-19T22:07:18.626887Z","level":"INFO","fields":{"message":"Initial Pass: Transform Files..."},"target":"simple_site_builder::builder"}
{"timestamp":"2025-11-19T22:07:18.627181Z","level":"INFO","fields":{"message":"Loading JSONs."},"target":"simple_site_builder::builder"}
{"timestamp":"2025-11-19T22:07:18.630312Z","level":"INFO","fields":{"message":"Build complete. Reloading browser on port 5444."},"target":"simple_site_builder::builder"}
{"timestamp":"2025-11-19T22:07:47.927987Z","level":"INFO","fields":{"message":"Building site on port 5444."},"target":"simple_site_builder::builder"}
{"timestamp":"2025-11-19T22:07:47.930211Z","level":"INFO","fields":{"message":"Initial Pass: Loading File List..."},"target":"simple_site_builder::builder"}
{"timestamp":"2025-11-19T22:07:47.930719Z","level":"INFO","fields":{"message":"Initial Pass: Copying files..."},"target":"simple_site_builder::builder"}
{"timestamp":"2025-11-19T22:07:47.933932Z","level":"INFO","fields":{"message":"Initial Pass: Transform Files..."},"target":"simple_site_builder::builder"}
{"timestamp":"2025-11-19T22:07:47.934336Z","level":"INFO","fields":{"message":"Loading JSONs."},"target":"simple_site_builder::builder"}
{"timestamp":"2025-11-19T22:07:47.975801Z","level":"INFO","fields":{"message":"Output Pass: Loading File List..."},"target":"simple_site_builder::builder"}
{"timestamp":"2025-11-19T22:07:47.976113Z","level":"INFO","fields":{"message":"Initial Pass: Copying files..."},"target":"simple_site_builder::builder"}
{"timestamp":"2025-11-19T22:07:47.979157Z","level":"INFO","fields":{"message":"Initial Pass: Transform Files..."},"target":"simple_site_builder::builder"}
{"timestamp":"2025-11-19T22:07:47.979457Z","level":"INFO","fields":{"message":"Loading JSONs."},"target":"simple_site_builder::builder"}
{"timestamp":"2025-11-19T22:07:47.982636Z","level":"INFO","fields":{"message":"Build complete. Reloading browser on port 5444."},"target":"simple_site_builder::builder"}
{"timestamp":"2025-11-19T22:07:50.356605Z","level":"INFO","fields":{"message":"Building site on port 5444."},"target":"simple_site_builder::builder"}
{"timestamp":"2025-11-19T22:07:50.358707Z","level":"INFO","fields":{"message":"Initial Pass: Loading File List..."},"target":"simple_site_builder::builder"}
{"timestamp":"2025-11-19T22:07:50.359267Z","level":"INFO","fields":{"message":"Initial Pass: Copying files..."},"target":"simple_site_builder::builder"}
{"timestamp":"2025-11-19T22:07:50.362208Z","level":"INFO","fields":{"message":"Initial Pass: Transform Files..."},"target":"simple_site_builder::builder"}
{"timestamp":"2025-11-19T22:07:50.362560Z","level":"INFO","fields":{"message":"Loading JSONs."},"target":"simple_site_builder::builder"}
{"timestamp":"2025-11-19T22:07:50.404955Z","level":"INFO","fields":{"message":"Output Pass: Loading File List..."},"target":"simple_site_builder::builder"}
{"timestamp":"2025-11-19T22:07:50.405264Z","level":"INFO","fields":{"message":"Initial Pass: Copying files..."},"target":"simple_site_builder::builder"}
{"timestamp":"2025-11-19T22:07:50.408040Z","level":"INFO","fields":{"message":"Initial Pass: Transform Files..."},"target":"simple_site_builder::builder"}
{"timestamp":"2025-11-19T22:07:50.408301Z","level":"INFO","fields":{"message":"Loading JSONs."},"target":"simple_site_builder::builder"}
{"timestamp":"2025-11-19T22:07:50.411269Z","level":"INFO","fields":{"message":"Build complete. Reloading browser on port 5444."},"target":"simple_site_builder::builder"}
{"timestamp":"2025-11-19T22:08:31.529847Z","level":"INFO","fields":{"message":"Building site on port 5444."},"target":"simple_site_builder::builder"}
{"timestamp":"2025-11-19T22:08:31.531883Z","level":"INFO","fields":{"message":"Initial Pass: Loading File List..."},"target":"simple_site_builder::builder"}
{"timestamp":"2025-11-19T22:08:31.532376Z","level":"INFO","fields":{"message":"Initial Pass: Copying files..."},"target":"simple_site_builder::builder"}
{"timestamp":"2025-11-19T22:08:31.536029Z","level":"INFO","fields":{"message":"Initial Pass: Transform Files..."},"target":"simple_site_builder::builder"}
{"timestamp":"2025-11-19T22:08:31.536554Z","level":"INFO","fields":{"message":"Loading JSONs."},"target":"simple_site_builder::builder"}
{"timestamp":"2025-11-19T22:08:31.578121Z","level":"INFO","fields":{"message":"Output Pass: Loading File List..."},"target":"simple_site_builder::builder"}
{"timestamp":"2025-11-19T22:08:31.578427Z","level":"INFO","fields":{"message":"Initial Pass: Copying files..."},"target":"simple_site_builder::builder"}
{"timestamp":"2025-11-19T22:08:31.581668Z","level":"INFO","fields":{"message":"Initial Pass: Transform Files..."},"target":"simple_site_builder::builder"}
{"timestamp":"2025-11-19T22:08:31.581939Z","level":"INFO","fields":{"message":"Loading JSONs."},"target":"simple_site_builder::builder"}
{"timestamp":"2025-11-19T22:08:31.584999Z","level":"INFO","fields":{"message":"Build complete. Reloading browser on port 5444."},"target":"simple_site_builder::builder"}
{"timestamp":"2025-11-19T22:08:36.288504Z","level":"INFO","fields":{"message":"Building site on port 5444."},"target":"simple_site_builder::builder"}
{"timestamp":"2025-11-19T22:08:36.290564Z","level":"INFO","fields":{"message":"Initial Pass: Loading File List..."},"target":"simple_site_builder::builder"}
{"timestamp":"2025-11-19T22:08:36.291043Z","level":"INFO","fields":{"message":"Initial Pass: Copying files..."},"target":"simple_site_builder::builder"}
{"timestamp":"2025-11-19T22:08:36.293868Z","level":"INFO","fields":{"message":"Initial Pass: Transform Files..."},"target":"simple_site_builder::builder"}
{"timestamp":"2025-11-19T22:08:36.294201Z","level":"INFO","fields":{"message":"Loading JSONs."},"target":"simple_site_builder::builder"}
{"timestamp":"2025-11-19T22:08:36.334504Z","level":"INFO","fields":{"message":"Output Pass: Loading File List..."},"target":"simple_site_builder::builder"}
{"timestamp":"2025-11-19T22:08:36.334840Z","level":"INFO","fields":{"message":"Initial Pass: Copying files..."},"target":"simple_site_builder::builder"}
{"timestamp":"2025-11-19T22:08:36.337832Z","level":"INFO","fields":{"message":"Initial Pass: Transform Files..."},"target":"simple_site_builder::builder"}
{"timestamp":"2025-11-19T22:08:36.338131Z","level":"INFO","fields":{"message":"Loading JSONs."},"target":"simple_site_builder::builder"}
{"timestamp":"2025-11-19T22:08:36.341023Z","level":"INFO","fields":{"message":"Build complete. Reloading browser on port 5444."},"target":"simple_site_builder::builder"}
{"timestamp":"2025-11-19T22:08:46.843063Z","level":"INFO","fields":{"message":"Building site on port 5444."},"target":"simple_site_builder::builder"}
{"timestamp":"2025-11-19T22:08:46.845168Z","level":"INFO","fields":{"message":"Initial Pass: Loading File List..."},"target":"simple_site_builder::builder"}
{"timestamp":"2025-11-19T22:08:46.845691Z","level":"INFO","fields":{"message":"Initial Pass: Copying files..."},"target":"simple_site_builder::builder"}
{"timestamp":"2025-11-19T22:08:46.848982Z","level":"INFO","fields":{"message":"Initial Pass: Transform Files..."},"target":"simple_site_builder::builder"}
{"timestamp":"2025-11-19T22:08:46.849344Z","level":"INFO","fields":{"message":"Loading JSONs."},"target":"simple_site_builder::builder"}
{"timestamp":"2025-11-19T22:08:46.899205Z","level":"INFO","fields":{"message":"Output Pass: Loading File List..."},"target":"simple_site_builder::builder"}
{"timestamp":"2025-11-19T22:08:46.899505Z","level":"INFO","fields":{"message":"Initial Pass: Copying files..."},"target":"simple_site_builder::builder"}
{"timestamp":"2025-11-19T22:08:46.902139Z","level":"INFO","fields":{"message":"Initial Pass: Transform Files..."},"target":"simple_site_builder::builder"}
{"timestamp":"2025-11-19T22:08:46.902385Z","level":"INFO","fields":{"message":"Loading JSONs."},"target":"simple_site_builder::builder"}
{"timestamp":"2025-11-19T22:08:46.905329Z","level":"INFO","fields":{"message":"Build complete. Reloading browser on port 5444."},"target":"simple_site_builder::builder"}
{"timestamp":"2025-11-19T22:09:09.235362Z","level":"INFO","fields":{"message":"Building site on port 5444."},"target":"simple_site_builder::builder"}
{"timestamp":"2025-11-19T22:09:09.237621Z","level":"INFO","fields":{"message":"Initial Pass: Loading File List..."},"target":"simple_site_builder::builder"}
{"timestamp":"2025-11-19T22:09:09.238121Z","level":"INFO","fields":{"message":"Initial Pass: Copying files..."},"target":"simple_site_builder::builder"}
{"timestamp":"2025-11-19T22:09:09.241289Z","level":"INFO","fields":{"message":"Initial Pass: Transform Files..."},"target":"simple_site_builder::builder"}
{"timestamp":"2025-11-19T22:09:09.241672Z","level":"INFO","fields":{"message":"Loading JSONs."},"target":"simple_site_builder::builder"}
{"timestamp":"2025-11-19T22:09:09.283527Z","level":"INFO","fields":{"message":"Output Pass: Loading File List..."},"target":"simple_site_builder::builder"}
{"timestamp":"2025-11-19T22:09:09.283859Z","level":"INFO","fields":{"message":"Initial Pass: Copying files..."},"target":"simple_site_builder::builder"}
{"timestamp":"2025-11-19T22:09:09.286796Z","level":"INFO","fields":{"message":"Initial Pass: Transform Files..."},"target":"simple_site_builder::builder"}
{"timestamp":"2025-11-19T22:09:09.287073Z","level":"INFO","fields":{"message":"Loading JSONs."},"target":"simple_site_builder::builder"}
{"timestamp":"2025-11-19T22:09:09.290231Z","level":"INFO","fields":{"message":"Build complete. Reloading browser on port 5444."},"target":"simple_site_builder::builder"}
{"timestamp":"2025-11-19T22:09:10.723640Z","level":"INFO","fields":{"message":"Building site on port 5444."},"target":"simple_site_builder::builder"}
{"timestamp":"2025-11-19T22:09:10.725650Z","level":"INFO","fields":{"message":"Initial Pass: Loading File List..."},"target":"simple_site_builder::builder"}
{"timestamp":"2025-11-19T22:09:10.726134Z","level":"INFO","fields":{"message":"Initial Pass: Copying files..."},"target":"simple_site_builder::builder"}
{"timestamp":"2025-11-19T22:09:10.729082Z","level":"INFO","fields":{"message":"Initial Pass: Transform Files..."},"target":"simple_site_builder::builder"}
{"timestamp":"2025-11-19T22:09:10.729432Z","level":"INFO","fields":{"message":"Loading JSONs."},"target":"simple_site_builder::builder"}
{"timestamp":"2025-11-19T22:09:10.770312Z","level":"INFO","fields":{"message":"Output Pass: Loading File List..."},"target":"simple_site_builder::builder"}
{"timestamp":"2025-11-19T22:09:10.770721Z","level":"INFO","fields":{"message":"Initial Pass: Copying files..."},"target":"simple_site_builder::builder"}
{"timestamp":"2025-11-19T22:09:10.774720Z","level":"INFO","fields":{"message":"Initial Pass: Transform Files..."},"target":"simple_site_builder::builder"}
{"timestamp":"2025-11-19T22:09:10.774982Z","level":"INFO","fields":{"message":"Loading JSONs."},"target":"simple_site_builder::builder"}
{"timestamp":"2025-11-19T22:09:10.778179Z","level":"INFO","fields":{"message":"Build complete. Reloading browser on port 5444."},"target":"simple_site_builder::builder"}
{"timestamp":"2025-11-19T22:09:15.005572Z","level":"INFO","fields":{"message":"Building site on port 5444."},"target":"simple_site_builder::builder"}
{"timestamp":"2025-11-19T22:09:15.007730Z","level":"INFO","fields":{"message":"Initial Pass: Loading File List..."},"target":"simple_site_builder::builder"}
{"timestamp":"2025-11-19T22:09:15.008233Z","level":"INFO","fields":{"message":"Initial Pass: Copying files..."},"target":"simple_site_builder::builder"}
{"timestamp":"2025-11-19T22:09:15.011207Z","level":"INFO","fields":{"message":"Initial Pass: Transform Files..."},"target":"simple_site_builder::builder"}
{"timestamp":"2025-11-19T22:09:15.011628Z","level":"INFO","fields":{"message":"Loading JSONs."},"target":"simple_site_builder::builder"}
{"timestamp":"2025-11-19T22:09:15.052572Z","level":"INFO","fields":{"message":"Output Pass: Loading File List..."},"target":"simple_site_builder::builder"}
{"timestamp":"2025-11-19T22:09:15.052910Z","level":"INFO","fields":{"message":"Initial Pass: Copying files..."},"target":"simple_site_builder::builder"}
{"timestamp":"2025-11-19T22:09:15.055862Z","level":"INFO","fields":{"message":"Initial Pass: Transform Files..."},"target":"simple_site_builder::builder"}
{"timestamp":"2025-11-19T22:09:15.056158Z","level":"INFO","fields":{"message":"Loading JSONs."},"target":"simple_site_builder::builder"}
{"timestamp":"2025-11-19T22:09:15.059068Z","level":"INFO","fields":{"message":"Build complete. Reloading browser on port 5444."},"target":"simple_site_builder::builder"}
{"timestamp":"2025-11-19T22:09:15.462991Z","level":"INFO","fields":{"message":"Building site on port 5444."},"target":"simple_site_builder::builder"}
{"timestamp":"2025-11-19T22:09:15.464847Z","level":"INFO","fields":{"message":"Initial Pass: Loading File List..."},"target":"simple_site_builder::builder"}
{"timestamp":"2025-11-19T22:09:15.465328Z","level":"INFO","fields":{"message":"Initial Pass: Copying files..."},"target":"simple_site_builder::builder"}
{"timestamp":"2025-11-19T22:09:15.468272Z","level":"INFO","fields":{"message":"Initial Pass: Transform Files..."},"target":"simple_site_builder::builder"}
{"timestamp":"2025-11-19T22:09:15.468615Z","level":"INFO","fields":{"message":"Loading JSONs."},"target":"simple_site_builder::builder"}
{"timestamp":"2025-11-19T22:09:15.511046Z","level":"INFO","fields":{"message":"Output Pass: Loading File List..."},"target":"simple_site_builder::builder"}
{"timestamp":"2025-11-19T22:09:15.511450Z","level":"INFO","fields":{"message":"Initial Pass: Copying files..."},"target":"simple_site_builder::builder"}
{"timestamp":"2025-11-19T22:09:15.514343Z","level":"INFO","fields":{"message":"Initial Pass: Transform Files..."},"target":"simple_site_builder::builder"}
{"timestamp":"2025-11-19T22:09:15.514599Z","level":"INFO","fields":{"message":"Loading JSONs."},"target":"simple_site_builder::builder"}
{"timestamp":"2025-11-19T22:09:15.517592Z","level":"INFO","fields":{"message":"Build complete. Reloading browser on port 5444."},"target":"simple_site_builder::builder"}
{"timestamp":"2025-11-19T22:09:18.206861Z","level":"INFO","fields":{"message":"Building site on port 5444."},"target":"simple_site_builder::builder"}
{"timestamp":"2025-11-19T22:09:18.208860Z","level":"INFO","fields":{"message":"Initial Pass: Loading File List..."},"target":"simple_site_builder::builder"}
{"timestamp":"2025-11-19T22:09:18.209362Z","level":"INFO","fields":{"message":"Initial Pass: Copying files..."},"target":"simple_site_builder::builder"}
{"timestamp":"2025-11-19T22:09:18.212340Z","level":"INFO","fields":{"message":"Initial Pass: Transform Files..."},"target":"simple_site_builder::builder"}
{"timestamp":"2025-11-19T22:09:18.212691Z","level":"INFO","fields":{"message":"Loading JSONs."},"target":"simple_site_builder::builder"}
{"timestamp":"2025-11-19T22:09:18.253170Z","level":"INFO","fields":{"message":"Output Pass: Loading File List..."},"target":"simple_site_builder::builder"}
{"timestamp":"2025-11-19T22:09:18.253491Z","level":"INFO","fields":{"message":"Initial Pass: Copying files..."},"target":"simple_site_builder::builder"}
{"timestamp":"2025-11-19T22:09:18.256376Z","level":"INFO","fields":{"message":"Initial Pass: Transform Files..."},"target":"simple_site_builder::builder"}
{"timestamp":"2025-11-19T22:09:18.256632Z","level":"INFO","fields":{"message":"Loading JSONs."},"target":"simple_site_builder::builder"}
{"timestamp":"2025-11-19T22:09:18.259698Z","level":"INFO","fields":{"message":"Build complete. Reloading browser on port 5444."},"target":"simple_site_builder::builder"}
{"timestamp":"2025-11-19T22:09:22.005299Z","level":"INFO","fields":{"message":"Building site on port 5444."},"target":"simple_site_builder::builder"}
{"timestamp":"2025-11-19T22:09:22.007433Z","level":"INFO","fields":{"message":"Initial Pass: Loading File List..."},"target":"simple_site_builder::builder"}
{"timestamp":"2025-11-19T22:09:22.007929Z","level":"INFO","fields":{"message":"Initial Pass: Copying files..."},"target":"simple_site_builder::builder"}
{"timestamp":"2025-11-19T22:09:22.010883Z","level":"INFO","fields":{"message":"Initial Pass: Transform Files..."},"target":"simple_site_builder::builder"}
{"timestamp":"2025-11-19T22:09:22.011234Z","level":"INFO","fields":{"message":"Loading JSONs."},"target":"simple_site_builder::builder"}
{"timestamp":"2025-11-19T22:09:22.054487Z","level":"INFO","fields":{"message":"Output Pass: Loading File List..."},"target":"simple_site_builder::builder"}
{"timestamp":"2025-11-19T22:09:22.054806Z","level":"INFO","fields":{"message":"Initial Pass: Copying files..."},"target":"simple_site_builder::builder"}
{"timestamp":"2025-11-19T22:09:22.057622Z","level":"INFO","fields":{"message":"Initial Pass: Transform Files..."},"target":"simple_site_builder::builder"}
{"timestamp":"2025-11-19T22:09:22.057883Z","level":"INFO","fields":{"message":"Loading JSONs."},"target":"simple_site_builder::builder"}
{"timestamp":"2025-11-19T22:09:22.060760Z","level":"INFO","fields":{"message":"Build complete. Reloading browser on port 5444."},"target":"simple_site_builder::builder"}
{"timestamp":"2025-11-19T22:09:22.193502Z","level":"INFO","fields":{"message":"Building site on port 5444."},"target":"simple_site_builder::builder"}
{"timestamp":"2025-11-19T22:09:22.195384Z","level":"INFO","fields":{"message":"Initial Pass: Loading File List..."},"target":"simple_site_builder::builder"}
{"timestamp":"2025-11-19T22:09:22.195868Z","level":"INFO","fields":{"message":"Initial Pass: Copying files..."},"target":"simple_site_builder::builder"}
{"timestamp":"2025-11-19T22:09:22.199087Z","level":"INFO","fields":{"message":"Initial Pass: Transform Files..."},"target":"simple_site_builder::builder"}
{"timestamp":"2025-11-19T22:09:22.199491Z","level":"INFO","fields":{"message":"Loading JSONs."},"target":"simple_site_builder::builder"}
{"timestamp":"2025-11-19T22:09:22.239846Z","level":"INFO","fields":{"message":"Output Pass: Loading File List..."},"target":"simple_site_builder::builder"}
{"timestamp":"2025-11-19T22:09:22.240165Z","level":"INFO","fields":{"message":"Initial Pass: Copying files..."},"target":"simple_site_builder::builder"}
{"timestamp":"2025-11-19T22:09:22.243136Z","level":"INFO","fields":{"message":"Initial Pass: Transform Files..."},"target":"simple_site_builder::builder"}
{"timestamp":"2025-11-19T22:09:22.243385Z","level":"INFO","fields":{"message":"Loading JSONs."},"target":"simple_site_builder::builder"}
{"timestamp":"2025-11-19T22:09:22.246068Z","level":"INFO","fields":{"message":"Build complete. Reloading browser on port 5444."},"target":"simple_site_builder::builder"}
{"timestamp":"2025-11-19T22:09:33.917285Z","level":"INFO","fields":{"message":"Building site on port 5444."},"target":"simple_site_builder::builder"}
{"timestamp":"2025-11-19T22:09:33.919547Z","level":"INFO","fields":{"message":"Initial Pass: Loading File List..."},"target":"simple_site_builder::builder"}
{"timestamp":"2025-11-19T22:09:33.920058Z","level":"INFO","fields":{"message":"Initial Pass: Copying files..."},"target":"simple_site_builder::builder"}
{"timestamp":"2025-11-19T22:09:33.924278Z","level":"INFO","fields":{"message":"Initial Pass: Transform Files..."},"target":"simple_site_builder::builder"}
{"timestamp":"2025-11-19T22:09:33.924623Z","level":"INFO","fields":{"message":"Loading JSONs."},"target":"simple_site_builder::builder"}
{"timestamp":"2025-11-19T22:09:33.965301Z","level":"INFO","fields":{"message":"Output Pass: Loading File List..."},"target":"simple_site_builder::builder"}
{"timestamp":"2025-11-19T22:09:33.965621Z","level":"INFO","fields":{"message":"Initial Pass: Copying files..."},"target":"simple_site_builder::builder"}
{"timestamp":"2025-11-19T22:09:33.969048Z","level":"INFO","fields":{"message":"Initial Pass: Transform Files..."},"target":"simple_site_builder::builder"}
{"timestamp":"2025-11-19T22:09:33.969366Z","level":"INFO","fields":{"message":"Loading JSONs."},"target":"simple_site_builder::builder"}
{"timestamp":"2025-11-19T22:09:33.972373Z","level":"INFO","fields":{"message":"Build complete. Reloading browser on port 5444."},"target":"simple_site_builder::builder"}
{"timestamp":"2025-11-19T22:09:38.875964Z","level":"INFO","fields":{"message":"Building site on port 5444."},"target":"simple_site_builder::builder"}
{"timestamp":"2025-11-19T22:09:38.877988Z","level":"INFO","fields":{"message":"Initial Pass: Loading File List..."},"target":"simple_site_builder::builder"}
{"timestamp":"2025-11-19T22:09:38.878507Z","level":"INFO","fields":{"message":"Initial Pass: Copying files..."},"target":"simple_site_builder::builder"}
{"timestamp":"2025-11-19T22:09:38.882147Z","level":"INFO","fields":{"message":"Initial Pass: Transform Files..."},"target":"simple_site_builder::builder"}
{"timestamp":"2025-11-19T22:09:38.882491Z","level":"INFO","fields":{"message":"Loading JSONs."},"target":"simple_site_builder::builder"}
{"timestamp":"2025-11-19T22:09:38.922852Z","level":"INFO","fields":{"message":"Output Pass: Loading File List..."},"target":"simple_site_builder::builder"}
{"timestamp":"2025-11-19T22:09:38.923176Z","level":"INFO","fields":{"message":"Initial Pass: Copying files..."},"target":"simple_site_builder::builder"}
{"timestamp":"2025-11-19T22:09:38.925725Z","level":"INFO","fields":{"message":"Initial Pass: Transform Files..."},"target":"simple_site_builder::builder"}
{"timestamp":"2025-11-19T22:09:38.925966Z","level":"INFO","fields":{"message":"Loading JSONs."},"target":"simple_site_builder::builder"}
{"timestamp":"2025-11-19T22:09:38.929105Z","level":"INFO","fields":{"message":"Build complete. Reloading browser on port 5444."},"target":"simple_site_builder::builder"}
