{"timestamp":"2025-11-18T22:34:32.979806Z","level":"INFO","fields":{"message":"Building site on port 5444."},"target":"simple_site_builder::builder"}
{"timestamp":"2025-11-18T22:34:32.985137Z","level":"INFO","fields":{"message":"Initial Pass: Loading File List..."},"target":"simple_site_builder::builder"}
{"timestamp":"2025-11-18T22:34:32.987781Z","level":"INFO","fields":{"message":"Initial Pass: Copying files..."},"target":"simple_site_builder::builder"}
{"timestamp":"2025-11-18T22:34:32.994221Z","level":"INFO","fields":{"message":"Initial Pass: Transform Files..."},"target":"simple_site_builder::builder"}
{"timestamp":"2025-11-18T22:34:32.994669Z","level":"INFO","fields":{"message":"Loading JSONs."},"target":"simple_site_builder::builder"}
{"timestamp":"2025-11-18T22:34:33.039950Z","level":"INFO","fields":{"message":"Output Pass: Loading File List..."},"target":"simple_site_builder::builder"}
{"timestamp":"2025-11-18T22:34:33.040260Z","level":"INFO","fields":{"message":"Initial Pass: Copying files..."},"target":"simple_site_builder::builder"}
{"timestamp":"2025-11-18T22:34:33.043312Z","level":"INFO","fields":{"message":"Initial Pass: Transform Files..."},"target":"simple_site_builder::builder"}
{"timestamp":"2025-11-18T22:34:33.043594Z","level":"INFO","fields":{"message":"Loading JSONs."},"target":"simple_site_builder::builder"}
{"timestamp":"2025-11-18T22:34:33.046573Z","level":"INFO","fields":{"message":"Build complete. Reloading browser on port 5444."},"target":"simple_site_builder::builder"}
{"timestamp":"2025-11-18T22:34:33.192549Z","level":"INFO","fields":{"message":"Building site on port 5444."},"target":"simple_site_builder::builder"}
{"timestamp":"2025-11-18T22:34:33.194557Z","level":"INFO","fields":{"message":"Initial Pass: Loading File List..."},"target":"simple_site_builder::builder"}
{"timestamp":"2025-11-18T22:34:33.195041Z","level":"INFO","fields":{"message":"Initial Pass: Copying files..."},"target":"simple_site_builder::builder"}
{"timestamp":"2025-11-18T22:34:33.198148Z","level":"INFO","fields":{"message":"Initial Pass: Transform Files..."},"target":"simple_site_builder::builder"}
{"timestamp":"2025-11-18T22:34:33.198521Z","level":"INFO","fields":{"message":"Loading JSONs."},"target":"simple_site_builder::builder"}
{"timestamp":"2025-11-18T22:34:33.240854Z","level":"INFO","fields":{"message":"Output Pass: Loading File List..."},"target":"simple_site_builder::builder"}
{"timestamp":"2025-11-18T22:34:33.241170Z","level":"INFO","fields":{"message":"Initial Pass: Copying files..."},"target":"simple_site_builder::builder"}
{"timestamp":"2025-11-18T22:34:33.244332Z","level":"INFO","fields":{"message":"Initial Pass: Transform Files..."},"target":"simple_site_builder::builder"}
{"timestamp":"2025-11-18T22:34:33.244578Z","level":"INFO","fields":{"message":"Loading JSONs."},"target":"simple_site_builder::builder"}
{"timestamp":"2025-11-18T22:34:33.248052Z","level":"INFO","fields":{"message":"Build complete. Reloading browser on port 5444."},"target":"simple_site_builder::builder"}
{"timestamp":"2025-11-18T22:34:33.408674Z","level":"INFO","fields":{"message":"Building site on port 5444."},"target":"simple_site_builder::builder"}
{"timestamp":"2025-11-18T22:34:33.412223Z","level":"INFO","fields":{"message":"Initial Pass: Loading File List..."},"target":"simple_site_builder::builder"}
{"timestamp":"2025-11-18T22:34:33.412757Z","level":"INFO","fields":{"message":"Initial Pass: Copying files..."},"target":"simple_site_builder::builder"}
{"timestamp":"2025-11-18T22:34:33.415576Z","level":"INFO","fields":{"message":"Initial Pass: Transform Files..."},"target":"simple_site_builder::builder"}
{"timestamp":"2025-11-18T22:34:33.415944Z","level":"INFO","fields":{"message":"Loading JSONs."},"target":"simple_site_builder::builder"}
{"timestamp":"2025-11-18T22:34:33.460739Z","level":"INFO","fields":{"message":"Output Pass: Loading File List..."},"target":"simple_site_builder::builder"}
{"timestamp":"2025-11-18T22:34:33.461097Z","level":"INFO","fields":{"message":"Initial Pass: Copying files..."},"target":"simple_site_builder::builder"}
{"timestamp":"2025-11-18T22:34:33.464073Z","level":"INFO","fields":{"message":"Initial Pass: Transform Files..."},"target":"simple_site_builder::builder"}
{"timestamp":"2025-11-18T22:34:33.464389Z","level":"INFO","fields":{"message":"Loading JSONs."},"target":"simple_site_builder::builder"}
{"timestamp":"2025-11-18T22:34:33.467222Z","level":"INFO","fields":{"message":"Build complete. Reloading browser on port 5444."},"target":"simple_site_builder::builder"}
{"timestamp":"2025-11-18T22:34:33.597099Z","level":"INFO","fields":{"message":"Building site on port 5444."},"target":"simple_site_builder::builder"}
{"timestamp":"2025-11-18T22:34:33.604799Z","level":"INFO","fields":{"message":"Initial Pass: Loading File List..."},"target":"simple_site_builder::builder"}
{"timestamp":"2025-11-18T22:34:33.605304Z","level":"INFO","fields":{"message":"Initial Pass: Copying files..."},"target":"simple_site_builder::builder"}
{"timestamp":"2025-11-18T22:34:33.608126Z","level":"INFO","fields":{"message":"Initial Pass: Transform Files..."},"target":"simple_site_builder::builder"}
{"timestamp":"2025-11-18T22:34:33.608455Z","level":"INFO","fields":{"message":"Loading JSONs."},"target":"simple_site_builder::builder"}
{"timestamp":"2025-11-18T22:34:33.649810Z","level":"INFO","fields":{"message":"Output Pass: Loading File List..."},"target":"simple_site_builder::builder"}
{"timestamp":"2025-11-18T22:34:33.650193Z","level":"INFO","fields":{"message":"Initial Pass: Copying files..."},"target":"simple_site_builder::builder"}
{"timestamp":"2025-11-18T22:34:33.653360Z","level":"INFO","fields":{"message":"Initial Pass: Transform Files..."},"target":"simple_site_builder::builder"}
{"timestamp":"2025-11-18T22:34:33.653671Z","level":"INFO","fields":{"message":"Loading JSONs."},"target":"simple_site_builder::builder"}
{"timestamp":"2025-11-18T22:34:33.656640Z","level":"INFO","fields":{"message":"Build complete. Reloading browser on port 5444."},"target":"simple_site_builder::builder"}
{"timestamp":"2025-11-18T22:34:33.954556Z","level":"INFO","fields":{"message":"Building site on port 5444."},"target":"simple_site_builder::builder"}
{"timestamp":"2025-11-18T22:34:33.956862Z","level":"INFO","fields":{"message":"Initial Pass: Loading File List..."},"target":"simple_site_builder::builder"}
{"timestamp":"2025-11-18T22:34:33.957429Z","level":"INFO","fields":{"message":"Initial Pass: Copying files..."},"target":"simple_site_builder::builder"}
{"timestamp":"2025-11-18T22:34:33.960664Z","level":"INFO","fields":{"message":"Initial Pass: Transform Files..."},"target":"simple_site_builder::builder"}
{"timestamp":"2025-11-18T22:34:33.961124Z","level":"INFO","fields":{"message":"Loading JSONs."},"target":"simple_site_builder::builder"}
{"timestamp":"2025-11-18T22:34:34.003447Z","level":"INFO","fields":{"message":"Output Pass: Loading File List..."},"target":"simple_site_builder::builder"}
{"timestamp":"2025-11-18T22:34:34.003762Z","level":"INFO","fields":{"message":"Initial Pass: Copying files..."},"target":"simple_site_builder::builder"}
{"timestamp":"2025-11-18T22:34:34.006597Z","level":"INFO","fields":{"message":"Initial Pass: Transform Files..."},"target":"simple_site_builder::builder"}
{"timestamp":"2025-11-18T22:34:34.006891Z","level":"INFO","fields":{"message":"Loading JSONs."},"target":"simple_site_builder::builder"}
{"timestamp":"2025-11-18T22:34:34.010342Z","level":"INFO","fields":{"message":"Build complete. Reloading browser on port 5444."},"target":"simple_site_builder::builder"}
{"timestamp":"2025-11-18T22:34:34.207425Z","level":"INFO","fields":{"message":"Building site on port 5444."},"target":"simple_site_builder::builder"}
{"timestamp":"2025-11-18T22:34:34.209662Z","level":"INFO","fields":{"message":"Initial Pass: Loading File List..."},"target":"simple_site_builder::builder"}
{"timestamp":"2025-11-18T22:34:34.210147Z","level":"INFO","fields":{"message":"Initial Pass: Copying files..."},"target":"simple_site_builder::builder"}
{"timestamp":"2025-11-18T22:34:34.212997Z","level":"INFO","fields":{"message":"Initial Pass: Transform Files..."},"target":"simple_site_builder::builder"}
{"timestamp":"2025-11-18T22:34:34.213341Z","level":"INFO","fields":{"message":"Loading JSONs."},"target":"simple_site_builder::builder"}
{"timestamp":"2025-11-18T22:34:34.257085Z","level":"INFO","fields":{"message":"Output Pass: Loading File List..."},"target":"simple_site_builder::builder"}
{"timestamp":"2025-11-18T22:34:34.257393Z","level":"INFO","fields":{"message":"Initial Pass: Copying files..."},"target":"simple_site_builder::builder"}
{"timestamp":"2025-11-18T22:34:34.261716Z","level":"INFO","fields":{"message":"Initial Pass: Transform Files..."},"target":"simple_site_builder::builder"}
{"timestamp":"2025-11-18T22:34:34.262071Z","level":"INFO","fields":{"message":"Loading JSONs."},"target":"simple_site_builder::builder"}
{"timestamp":"2025-11-18T22:34:34.273053Z","level":"INFO","fields":{"message":"Build complete. Reloading browser on port 5444."},"target":"simple_site_builder::builder"}
{"timestamp":"2025-11-18T22:34:34.442130Z","level":"INFO","fields":{"message":"Building site on port 5444."},"target":"simple_site_builder::builder"}
{"timestamp":"2025-11-18T22:34:34.444211Z","level":"INFO","fields":{"message":"Initial Pass: Loading File List..."},"target":"simple_site_builder::builder"}
{"timestamp":"2025-11-18T22:34:34.444702Z","level":"INFO","fields":{"message":"Initial Pass: Copying files..."},"target":"simple_site_builder::builder"}
{"timestamp":"2025-11-18T22:34:34.447916Z","level":"INFO","fields":{"message":"Initial Pass: Transform Files..."},"target":"simple_site_builder::builder"}
{"timestamp":"2025-11-18T22:34:34.448311Z","level":"INFO","fields":{"message":"Loading JSONs."},"target":"simple_site_builder::builder"}
{"timestamp":"2025-11-18T22:34:34.488710Z","level":"INFO","fields":{"message":"Output Pass: Loading File List..."},"target":"simple_site_builder::builder"}
{"timestamp":"2025-11-18T22:34:34.489061Z","level":"INFO","fields":{"message":"Initial Pass: Copying files..."},"target":"simple_site_builder::builder"}
{"timestamp":"2025-11-18T22:34:34.491964Z","level":"INFO","fields":{"message":"Initial Pass: Transform Files..."},"target":"simple_site_builder::builder"}
{"timestamp":"2025-11-18T22:34:34.492263Z","level":"INFO","fields":{"message":"Loading JSONs."},"target":"simple_site_builder::builder"}
{"timestamp":"2025-11-18T22:34:34.499161Z","level":"INFO","fields":{"message":"Build complete. Reloading browser on port 5444."},"target":"simple_site_builder::builder"}
