{"timestamp":"2025-11-17T22:42:39.157548Z","level":"INFO","fields":{"message":"Initilizing"},"target":"ssb_0_8"}
{"timestamp":"2025-11-17T22:42:39.157665Z","level":"INFO","fields":{"message":"Found port for web server: 5444"},"target":"ssb_0_8"}
{"timestamp":"2025-11-17T22:42:39.157690Z","level":"INFO","fields":{"message":"Starting watcher"},"target":"simple_site_builder::watcher"}
{"timestamp":"2025-11-17T22:42:39.157702Z","level":"INFO","fields":{"message":"Starting web server"},"target":"simple_site_builder::server"}
{"timestamp":"2025-11-17T22:42:39.157712Z","level":"INFO","fields":{"message":"Starting builder"},"target":"simple_site_builder::builder"}
{"timestamp":"2025-11-17T22:42:39.157740Z","level":"INFO","fields":{"message":"Building site on port 5444."},"target":"simple_site_builder::builder"}
{"timestamp":"2025-11-17T22:42:39.157769Z","level":"INFO","fields":{"message":"obtaining pathset","config_pathset":"[WatchedPath { path: \"content\", recursive: true }, WatchedPath { path: \"support\", recursive: true }]"},"target":"watchexec::sources::fs"}
{"timestamp":"2025-11-17T22:42:39.163683Z","level":"INFO","fields":{"message":"Initial Pass: Loading File List..."},"target":"simple_site_builder::builder"}
{"timestamp":"2025-11-17T22:42:39.166920Z","level":"INFO","fields":{"message":"Initial Pass: Copying files..."},"target":"simple_site_builder::builder"}
{"timestamp":"2025-11-17T22:42:39.177626Z","level":"INFO","fields":{"message":"Initial Pass: Transform Files..."},"target":"simple_site_builder::builder"}
{"timestamp":"2025-11-17T22:42:39.178056Z","level":"INFO","fields":{"message":"Loading JSONs."},"target":"simple_site_builder::builder"}
{"timestamp":"2025-11-17T22:42:39.235530Z","level":"INFO","fields":{"message":"Output Pass: Loading File List..."},"target":"simple_site_builder::builder"}
{"timestamp":"2025-11-17T22:42:39.235842Z","level":"INFO","fields":{"message":"Initial Pass: Copying files..."},"target":"simple_site_builder::builder"}
{"timestamp":"2025-11-17T22:42:39.239728Z","level":"INFO","fields":{"message":"Initial Pass: Transform Files..."},"target":"simple_site_builder::builder"}
{"timestamp":"2025-11-17T22:42:39.240026Z","level":"INFO","fields":{"message":"Loading JSONs."},"target":"simple_site_builder::builder"}
{"timestamp":"2025-11-17T22:42:39.242936Z","level":"INFO","fields":{"message":"Build complete. Reloading browser on port 5444."},"target":"simple_site_builder::builder"}
{"timestamp":"2025-11-17T23:03:23.365223Z","level":"INFO","fields":{"message":"Building site on port 5444."},"target":"simple_site_builder::builder"}
{"timestamp":"2025-11-17T23:03:23.369067Z","level":"INFO","fields":{"message":"Initial Pass: Loading File List..."},"target":"simple_site_builder::builder"}
{"timestamp":"2025-11-17T23:03:23.370600Z","level":"INFO","fields":{"message":"Initial Pass: Copying files..."},"target":"simple_site_builder::builder"}
{"timestamp":"2025-11-17T23:03:23.377439Z","level":"INFO","fields":{"message":"Initial Pass: Transform Files..."},"target":"simple_site_builder::builder"}
{"timestamp":"2025-11-17T23:03:23.377863Z","level":"INFO","fields":{"message":"Loading JSONs."},"target":"simple_site_builder::builder"}
{"timestamp":"2025-11-17T23:03:23.422849Z","level":"INFO","fields":{"message":"Output Pass: Loading File List..."},"target":"simple_site_builder::builder"}
{"timestamp":"2025-11-17T23:03:23.423171Z","level":"INFO","fields":{"message":"Initial Pass: Copying files..."},"target":"simple_site_builder::builder"}
{"timestamp":"2025-11-17T23:03:23.425989Z","level":"INFO","fields":{"message":"Initial Pass: Transform Files..."},"target":"simple_site_builder::builder"}
{"timestamp":"2025-11-17T23:03:23.426293Z","level":"INFO","fields":{"message":"Loading JSONs."},"target":"simple_site_builder::builder"}
{"timestamp":"2025-11-17T23:03:23.429418Z","level":"INFO","fields":{"message":"Build complete. Reloading browser on port 5444."},"target":"simple_site_builder::builder"}
{"timestamp":"2025-11-17T23:06:00.039965Z","level":"INFO","fields":{"message":"Building site on port 5444."},"target":"simple_site_builder::builder"}
{"timestamp":"2025-11-17T23:06:00.042335Z","level":"INFO","fields":{"message":"Initial Pass: Loading File List..."},"target":"simple_site_builder::builder"}
{"timestamp":"2025-11-17T23:06:00.042851Z","level":"INFO","fields":{"message":"Initial Pass: Copying files..."},"target":"simple_site_builder::builder"}
{"timestamp":"2025-11-17T23:06:00.046190Z","level":"INFO","fields":{"message":"Initial Pass: Transform Files..."},"target":"simple_site_builder::builder"}
{"timestamp":"2025-11-17T23:06:00.046578Z","level":"INFO","fields":{"message":"Loading JSONs."},"target":"simple_site_builder::builder"}
{"timestamp":"2025-11-17T23:06:00.102201Z","level":"INFO","fields":{"message":"Output Pass: Loading File List..."},"target":"simple_site_builder::builder"}
{"timestamp":"2025-11-17T23:06:00.102492Z","level":"INFO","fields":{"message":"Initial Pass: Copying files..."},"target":"simple_site_builder::builder"}
{"timestamp":"2025-11-17T23:06:00.105089Z","level":"INFO","fields":{"message":"Initial Pass: Transform Files..."},"target":"simple_site_builder::builder"}
{"timestamp":"2025-11-17T23:06:00.105342Z","level":"INFO","fields":{"message":"Loading JSONs."},"target":"simple_site_builder::builder"}
{"timestamp":"2025-11-17T23:06:00.108327Z","level":"INFO","fields":{"message":"Build complete. Reloading browser on port 5444."},"target":"simple_site_builder::builder"}
{"timestamp":"2025-11-17T23:25:51.478541Z","level":"INFO","fields":{"message":"Building site on port 5444."},"target":"simple_site_builder::builder"}
{"timestamp":"2025-11-17T23:25:51.482107Z","level":"INFO","fields":{"message":"Initial Pass: Loading File List..."},"target":"simple_site_builder::builder"}
{"timestamp":"2025-11-17T23:25:51.483750Z","level":"INFO","fields":{"message":"Initial Pass: Copying files..."},"target":"simple_site_builder::builder"}
{"timestamp":"2025-11-17T23:25:51.491244Z","level":"INFO","fields":{"message":"Initial Pass: Transform Files..."},"target":"simple_site_builder::builder"}
{"timestamp":"2025-11-17T23:25:51.491651Z","level":"INFO","fields":{"message":"Loading JSONs."},"target":"simple_site_builder::builder"}
{"timestamp":"2025-11-17T23:25:51.552368Z","level":"INFO","fields":{"message":"Output Pass: Loading File List..."},"target":"simple_site_builder::builder"}
{"timestamp":"2025-11-17T23:25:51.552701Z","level":"INFO","fields":{"message":"Initial Pass: Copying files..."},"target":"simple_site_builder::builder"}
{"timestamp":"2025-11-17T23:25:51.557239Z","level":"INFO","fields":{"message":"Initial Pass: Transform Files..."},"target":"simple_site_builder::builder"}
{"timestamp":"2025-11-17T23:25:51.557507Z","level":"INFO","fields":{"message":"Loading JSONs."},"target":"simple_site_builder::builder"}
{"timestamp":"2025-11-17T23:25:51.561274Z","level":"INFO","fields":{"message":"Build complete. Reloading browser on port 5444."},"target":"simple_site_builder::builder"}
{"timestamp":"2025-11-17T23:27:08.814479Z","level":"INFO","fields":{"message":"Building site on port 5444."},"target":"simple_site_builder::builder"}
{"timestamp":"2025-11-17T23:27:08.821056Z","level":"INFO","fields":{"message":"Initial Pass: Loading File List..."},"target":"simple_site_builder::builder"}
{"timestamp":"2025-11-17T23:27:08.821594Z","level":"INFO","fields":{"message":"Initial Pass: Copying files..."},"target":"simple_site_builder::builder"}
{"timestamp":"2025-11-17T23:27:08.824828Z","level":"INFO","fields":{"message":"Initial Pass: Transform Files..."},"target":"simple_site_builder::builder"}
{"timestamp":"2025-11-17T23:27:08.825245Z","level":"INFO","fields":{"message":"Loading JSONs."},"target":"simple_site_builder::builder"}
{"timestamp":"2025-11-17T23:27:08.869940Z","level":"INFO","fields":{"message":"Output Pass: Loading File List..."},"target":"simple_site_builder::builder"}
{"timestamp":"2025-11-17T23:27:08.870307Z","level":"INFO","fields":{"message":"Initial Pass: Copying files..."},"target":"simple_site_builder::builder"}
{"timestamp":"2025-11-17T23:27:08.874592Z","level":"INFO","fields":{"message":"Initial Pass: Transform Files..."},"target":"simple_site_builder::builder"}
{"timestamp":"2025-11-17T23:27:08.874903Z","level":"INFO","fields":{"message":"Loading JSONs."},"target":"simple_site_builder::builder"}
{"timestamp":"2025-11-17T23:27:08.877822Z","level":"INFO","fields":{"message":"Build complete. Reloading browser on port 5444."},"target":"simple_site_builder::builder"}
{"timestamp":"2025-11-17T23:27:17.354294Z","level":"INFO","fields":{"message":"Building site on port 5444."},"target":"simple_site_builder::builder"}
{"timestamp":"2025-11-17T23:27:17.356541Z","level":"INFO","fields":{"message":"Initial Pass: Loading File List..."},"target":"simple_site_builder::builder"}
{"timestamp":"2025-11-17T23:27:17.357037Z","level":"INFO","fields":{"message":"Initial Pass: Copying files..."},"target":"simple_site_builder::builder"}
{"timestamp":"2025-11-17T23:27:17.359919Z","level":"INFO","fields":{"message":"Initial Pass: Transform Files..."},"target":"simple_site_builder::builder"}
{"timestamp":"2025-11-17T23:27:17.360273Z","level":"INFO","fields":{"message":"Loading JSONs."},"target":"simple_site_builder::builder"}
{"timestamp":"2025-11-17T23:27:17.402454Z","level":"INFO","fields":{"message":"Output Pass: Loading File List..."},"target":"simple_site_builder::builder"}
{"timestamp":"2025-11-17T23:27:17.402771Z","level":"INFO","fields":{"message":"Initial Pass: Copying files..."},"target":"simple_site_builder::builder"}
{"timestamp":"2025-11-17T23:27:17.406791Z","level":"INFO","fields":{"message":"Initial Pass: Transform Files..."},"target":"simple_site_builder::builder"}
{"timestamp":"2025-11-17T23:27:17.407086Z","level":"INFO","fields":{"message":"Loading JSONs."},"target":"simple_site_builder::builder"}
{"timestamp":"2025-11-17T23:27:17.410171Z","level":"INFO","fields":{"message":"Build complete. Reloading browser on port 5444."},"target":"simple_site_builder::builder"}
{"timestamp":"2025-11-17T23:27:20.233888Z","level":"INFO","fields":{"message":"Building site on port 5444."},"target":"simple_site_builder::builder"}
{"timestamp":"2025-11-17T23:27:20.236262Z","level":"INFO","fields":{"message":"Initial Pass: Loading File List..."},"target":"simple_site_builder::builder"}
{"timestamp":"2025-11-17T23:27:20.236780Z","level":"INFO","fields":{"message":"Initial Pass: Copying files..."},"target":"simple_site_builder::builder"}
{"timestamp":"2025-11-17T23:27:20.240082Z","level":"INFO","fields":{"message":"Initial Pass: Transform Files..."},"target":"simple_site_builder::builder"}
{"timestamp":"2025-11-17T23:27:20.240478Z","level":"INFO","fields":{"message":"Loading JSONs."},"target":"simple_site_builder::builder"}
{"timestamp":"2025-11-17T23:27:20.290606Z","level":"INFO","fields":{"message":"Output Pass: Loading File List..."},"target":"simple_site_builder::builder"}
{"timestamp":"2025-11-17T23:27:20.290934Z","level":"INFO","fields":{"message":"Initial Pass: Copying files..."},"target":"simple_site_builder::builder"}
{"timestamp":"2025-11-17T23:27:20.294704Z","level":"INFO","fields":{"message":"Initial Pass: Transform Files..."},"target":"simple_site_builder::builder"}
{"timestamp":"2025-11-17T23:27:20.294997Z","level":"INFO","fields":{"message":"Loading JSONs."},"target":"simple_site_builder::builder"}
{"timestamp":"2025-11-17T23:27:20.298018Z","level":"INFO","fields":{"message":"Build complete. Reloading browser on port 5444."},"target":"simple_site_builder::builder"}
{"timestamp":"2025-11-17T23:27:24.212084Z","level":"INFO","fields":{"message":"Building site on port 5444."},"target":"simple_site_builder::builder"}
{"timestamp":"2025-11-17T23:27:24.214788Z","level":"INFO","fields":{"message":"Initial Pass: Loading File List..."},"target":"simple_site_builder::builder"}
{"timestamp":"2025-11-17T23:27:24.215307Z","level":"INFO","fields":{"message":"Initial Pass: Copying files..."},"target":"simple_site_builder::builder"}
{"timestamp":"2025-11-17T23:27:24.231190Z","level":"INFO","fields":{"message":"Initial Pass: Transform Files..."},"target":"simple_site_builder::builder"}
{"timestamp":"2025-11-17T23:27:24.231619Z","level":"INFO","fields":{"message":"Loading JSONs."},"target":"simple_site_builder::builder"}
{"timestamp":"2025-11-17T23:27:24.289413Z","level":"INFO","fields":{"message":"Output Pass: Loading File List..."},"target":"simple_site_builder::builder"}
{"timestamp":"2025-11-17T23:27:24.289722Z","level":"INFO","fields":{"message":"Initial Pass: Copying files..."},"target":"simple_site_builder::builder"}
{"timestamp":"2025-11-17T23:27:24.293328Z","level":"INFO","fields":{"message":"Initial Pass: Transform Files..."},"target":"simple_site_builder::builder"}
{"timestamp":"2025-11-17T23:27:24.293615Z","level":"INFO","fields":{"message":"Loading JSONs."},"target":"simple_site_builder::builder"}
{"timestamp":"2025-11-17T23:27:24.296534Z","level":"INFO","fields":{"message":"Build complete. Reloading browser on port 5444."},"target":"simple_site_builder::builder"}
{"timestamp":"2025-11-17T23:27:33.673652Z","level":"INFO","fields":{"message":"Building site on port 5444."},"target":"simple_site_builder::builder"}
{"timestamp":"2025-11-17T23:27:33.676255Z","level":"INFO","fields":{"message":"Initial Pass: Loading File List..."},"target":"simple_site_builder::builder"}
{"timestamp":"2025-11-17T23:27:33.676751Z","level":"INFO","fields":{"message":"Initial Pass: Copying files..."},"target":"simple_site_builder::builder"}
{"timestamp":"2025-11-17T23:27:33.679769Z","level":"INFO","fields":{"message":"Initial Pass: Transform Files..."},"target":"simple_site_builder::builder"}
{"timestamp":"2025-11-17T23:27:33.680112Z","level":"INFO","fields":{"message":"Loading JSONs."},"target":"simple_site_builder::builder"}
{"timestamp":"2025-11-17T23:27:33.721552Z","level":"INFO","fields":{"message":"Output Pass: Loading File List..."},"target":"simple_site_builder::builder"}
{"timestamp":"2025-11-17T23:27:33.721869Z","level":"INFO","fields":{"message":"Initial Pass: Copying files..."},"target":"simple_site_builder::builder"}
{"timestamp":"2025-11-17T23:27:33.725594Z","level":"INFO","fields":{"message":"Initial Pass: Transform Files..."},"target":"simple_site_builder::builder"}
{"timestamp":"2025-11-17T23:27:33.725862Z","level":"INFO","fields":{"message":"Loading JSONs."},"target":"simple_site_builder::builder"}
{"timestamp":"2025-11-17T23:27:33.728938Z","level":"INFO","fields":{"message":"Build complete. Reloading browser on port 5444."},"target":"simple_site_builder::builder"}
{"timestamp":"2025-11-17T23:27:42.818429Z","level":"INFO","fields":{"message":"Building site on port 5444."},"target":"simple_site_builder::builder"}
{"timestamp":"2025-11-17T23:27:42.825459Z","level":"INFO","fields":{"message":"Initial Pass: Loading File List..."},"target":"simple_site_builder::builder"}
{"timestamp":"2025-11-17T23:27:42.825982Z","level":"INFO","fields":{"message":"Initial Pass: Copying files..."},"target":"simple_site_builder::builder"}
{"timestamp":"2025-11-17T23:27:42.830031Z","level":"INFO","fields":{"message":"Initial Pass: Transform Files..."},"target":"simple_site_builder::builder"}
{"timestamp":"2025-11-17T23:27:42.830503Z","level":"INFO","fields":{"message":"Loading JSONs."},"target":"simple_site_builder::builder"}
{"timestamp":"2025-11-17T23:27:42.893067Z","level":"INFO","fields":{"message":"Output Pass: Loading File List..."},"target":"simple_site_builder::builder"}
{"timestamp":"2025-11-17T23:27:42.893380Z","level":"INFO","fields":{"message":"Initial Pass: Copying files..."},"target":"simple_site_builder::builder"}
{"timestamp":"2025-11-17T23:27:42.897654Z","level":"INFO","fields":{"message":"Initial Pass: Transform Files..."},"target":"simple_site_builder::builder"}
{"timestamp":"2025-11-17T23:27:42.897938Z","level":"INFO","fields":{"message":"Loading JSONs."},"target":"simple_site_builder::builder"}
{"timestamp":"2025-11-17T23:27:42.901245Z","level":"INFO","fields":{"message":"Build complete. Reloading browser on port 5444."},"target":"simple_site_builder::builder"}
{"timestamp":"2025-11-17T23:27:48.425102Z","level":"INFO","fields":{"message":"Building site on port 5444."},"target":"simple_site_builder::builder"}
{"timestamp":"2025-11-17T23:27:48.427115Z","level":"INFO","fields":{"message":"Initial Pass: Loading File List..."},"target":"simple_site_builder::builder"}
{"timestamp":"2025-11-17T23:27:48.427581Z","level":"INFO","fields":{"message":"Initial Pass: Copying files..."},"target":"simple_site_builder::builder"}
{"timestamp":"2025-11-17T23:27:48.431257Z","level":"INFO","fields":{"message":"Initial Pass: Transform Files..."},"target":"simple_site_builder::builder"}
{"timestamp":"2025-11-17T23:27:48.431612Z","level":"INFO","fields":{"message":"Loading JSONs."},"target":"simple_site_builder::builder"}
{"timestamp":"2025-11-17T23:27:48.473655Z","level":"INFO","fields":{"message":"Output Pass: Loading File List..."},"target":"simple_site_builder::builder"}
{"timestamp":"2025-11-17T23:27:48.473956Z","level":"INFO","fields":{"message":"Initial Pass: Copying files..."},"target":"simple_site_builder::builder"}
{"timestamp":"2025-11-17T23:27:48.477871Z","level":"INFO","fields":{"message":"Initial Pass: Transform Files..."},"target":"simple_site_builder::builder"}
{"timestamp":"2025-11-17T23:27:48.478180Z","level":"INFO","fields":{"message":"Loading JSONs."},"target":"simple_site_builder::builder"}
{"timestamp":"2025-11-17T23:27:48.481498Z","level":"INFO","fields":{"message":"Build complete. Reloading browser on port 5444."},"target":"simple_site_builder::builder"}
{"timestamp":"2025-11-17T23:27:50.979550Z","level":"INFO","fields":{"message":"Building site on port 5444."},"target":"simple_site_builder::builder"}
{"timestamp":"2025-11-17T23:27:50.981857Z","level":"INFO","fields":{"message":"Initial Pass: Loading File List..."},"target":"simple_site_builder::builder"}
{"timestamp":"2025-11-17T23:27:50.982387Z","level":"INFO","fields":{"message":"Initial Pass: Copying files..."},"target":"simple_site_builder::builder"}
{"timestamp":"2025-11-17T23:27:50.985575Z","level":"INFO","fields":{"message":"Initial Pass: Transform Files..."},"target":"simple_site_builder::builder"}
{"timestamp":"2025-11-17T23:27:50.985945Z","level":"INFO","fields":{"message":"Loading JSONs."},"target":"simple_site_builder::builder"}
{"timestamp":"2025-11-17T23:27:51.039641Z","level":"INFO","fields":{"message":"Output Pass: Loading File List..."},"target":"simple_site_builder::builder"}
{"timestamp":"2025-11-17T23:27:51.039968Z","level":"INFO","fields":{"message":"Initial Pass: Copying files..."},"target":"simple_site_builder::builder"}
{"timestamp":"2025-11-17T23:27:51.044304Z","level":"INFO","fields":{"message":"Initial Pass: Transform Files..."},"target":"simple_site_builder::builder"}
{"timestamp":"2025-11-17T23:27:51.044607Z","level":"INFO","fields":{"message":"Loading JSONs."},"target":"simple_site_builder::builder"}
{"timestamp":"2025-11-17T23:27:51.047825Z","level":"INFO","fields":{"message":"Build complete. Reloading browser on port 5444."},"target":"simple_site_builder::builder"}
{"timestamp":"2025-11-17T23:28:10.126685Z","level":"INFO","fields":{"message":"Building site on port 5444."},"target":"simple_site_builder::builder"}
{"timestamp":"2025-11-17T23:28:10.129248Z","level":"INFO","fields":{"message":"Initial Pass: Loading File List..."},"target":"simple_site_builder::builder"}
{"timestamp":"2025-11-17T23:28:10.129737Z","level":"INFO","fields":{"message":"Initial Pass: Copying files..."},"target":"simple_site_builder::builder"}
{"timestamp":"2025-11-17T23:28:10.133297Z","level":"INFO","fields":{"message":"Initial Pass: Transform Files..."},"target":"simple_site_builder::builder"}
{"timestamp":"2025-11-17T23:28:10.133684Z","level":"INFO","fields":{"message":"Loading JSONs."},"target":"simple_site_builder::builder"}
{"timestamp":"2025-11-17T23:28:10.177526Z","level":"INFO","fields":{"message":"Output Pass: Loading File List..."},"target":"simple_site_builder::builder"}
{"timestamp":"2025-11-17T23:28:10.177837Z","level":"INFO","fields":{"message":"Initial Pass: Copying files..."},"target":"simple_site_builder::builder"}
{"timestamp":"2025-11-17T23:28:10.181699Z","level":"INFO","fields":{"message":"Initial Pass: Transform Files..."},"target":"simple_site_builder::builder"}
{"timestamp":"2025-11-17T23:28:10.181980Z","level":"INFO","fields":{"message":"Loading JSONs."},"target":"simple_site_builder::builder"}
{"timestamp":"2025-11-17T23:28:10.185135Z","level":"INFO","fields":{"message":"Build complete. Reloading browser on port 5444."},"target":"simple_site_builder::builder"}
{"timestamp":"2025-11-17T23:28:20.704478Z","level":"INFO","fields":{"message":"Building site on port 5444."},"target":"simple_site_builder::builder"}
{"timestamp":"2025-11-17T23:28:20.706726Z","level":"INFO","fields":{"message":"Initial Pass: Loading File List..."},"target":"simple_site_builder::builder"}
{"timestamp":"2025-11-17T23:28:20.707214Z","level":"INFO","fields":{"message":"Initial Pass: Copying files..."},"target":"simple_site_builder::builder"}
{"timestamp":"2025-11-17T23:28:20.711383Z","level":"INFO","fields":{"message":"Initial Pass: Transform Files..."},"target":"simple_site_builder::builder"}
{"timestamp":"2025-11-17T23:28:20.711793Z","level":"INFO","fields":{"message":"Loading JSONs."},"target":"simple_site_builder::builder"}
{"timestamp":"2025-11-17T23:28:20.765724Z","level":"INFO","fields":{"message":"Output Pass: Loading File List..."},"target":"simple_site_builder::builder"}
{"timestamp":"2025-11-17T23:28:20.766038Z","level":"INFO","fields":{"message":"Initial Pass: Copying files..."},"target":"simple_site_builder::builder"}
{"timestamp":"2025-11-17T23:28:20.770459Z","level":"INFO","fields":{"message":"Initial Pass: Transform Files..."},"target":"simple_site_builder::builder"}
{"timestamp":"2025-11-17T23:28:20.770750Z","level":"INFO","fields":{"message":"Loading JSONs."},"target":"simple_site_builder::builder"}
{"timestamp":"2025-11-17T23:28:20.773940Z","level":"INFO","fields":{"message":"Build complete. Reloading browser on port 5444."},"target":"simple_site_builder::builder"}
{"timestamp":"2025-11-17T23:28:27.564911Z","level":"INFO","fields":{"message":"Building site on port 5444."},"target":"simple_site_builder::builder"}
{"timestamp":"2025-11-17T23:28:27.567138Z","level":"INFO","fields":{"message":"Initial Pass: Loading File List..."},"target":"simple_site_builder::builder"}
{"timestamp":"2025-11-17T23:28:27.567698Z","level":"INFO","fields":{"message":"Initial Pass: Copying files..."},"target":"simple_site_builder::builder"}
{"timestamp":"2025-11-17T23:28:27.571715Z","level":"INFO","fields":{"message":"Initial Pass: Transform Files..."},"target":"simple_site_builder::builder"}
{"timestamp":"2025-11-17T23:28:27.572122Z","level":"INFO","fields":{"message":"Loading JSONs."},"target":"simple_site_builder::builder"}
{"timestamp":"2025-11-17T23:28:27.612808Z","level":"INFO","fields":{"message":"Output Pass: Loading File List..."},"target":"simple_site_builder::builder"}
{"timestamp":"2025-11-17T23:28:27.613107Z","level":"INFO","fields":{"message":"Initial Pass: Copying files..."},"target":"simple_site_builder::builder"}
{"timestamp":"2025-11-17T23:28:27.616947Z","level":"INFO","fields":{"message":"Initial Pass: Transform Files..."},"target":"simple_site_builder::builder"}
{"timestamp":"2025-11-17T23:28:27.617225Z","level":"INFO","fields":{"message":"Loading JSONs."},"target":"simple_site_builder::builder"}
{"timestamp":"2025-11-17T23:28:27.621058Z","level":"INFO","fields":{"message":"Build complete. Reloading browser on port 5444."},"target":"simple_site_builder::builder"}
{"timestamp":"2025-11-17T23:29:06.389319Z","level":"INFO","fields":{"message":"Building site on port 5444."},"target":"simple_site_builder::builder"}
{"timestamp":"2025-11-17T23:29:06.391660Z","level":"INFO","fields":{"message":"Initial Pass: Loading File List..."},"target":"simple_site_builder::builder"}
{"timestamp":"2025-11-17T23:29:06.392199Z","level":"INFO","fields":{"message":"Initial Pass: Copying files..."},"target":"simple_site_builder::builder"}
{"timestamp":"2025-11-17T23:29:06.396406Z","level":"INFO","fields":{"message":"Initial Pass: Transform Files..."},"target":"simple_site_builder::builder"}
{"timestamp":"2025-11-17T23:29:06.396828Z","level":"INFO","fields":{"message":"Loading JSONs."},"target":"simple_site_builder::builder"}
{"timestamp":"2025-11-17T23:29:06.438335Z","level":"INFO","fields":{"message":"Output Pass: Loading File List..."},"target":"simple_site_builder::builder"}
{"timestamp":"2025-11-17T23:29:06.438692Z","level":"INFO","fields":{"message":"Initial Pass: Copying files..."},"target":"simple_site_builder::builder"}
{"timestamp":"2025-11-17T23:29:06.443056Z","level":"INFO","fields":{"message":"Initial Pass: Transform Files..."},"target":"simple_site_builder::builder"}
{"timestamp":"2025-11-17T23:29:06.443357Z","level":"INFO","fields":{"message":"Loading JSONs."},"target":"simple_site_builder::builder"}
{"timestamp":"2025-11-17T23:29:06.446314Z","level":"INFO","fields":{"message":"Build complete. Reloading browser on port 5444."},"target":"simple_site_builder::builder"}
{"timestamp":"2025-11-17T23:29:16.199764Z","level":"INFO","fields":{"message":"Building site on port 5444."},"target":"simple_site_builder::builder"}
{"timestamp":"2025-11-17T23:29:16.202113Z","level":"INFO","fields":{"message":"Initial Pass: Loading File List..."},"target":"simple_site_builder::builder"}
{"timestamp":"2025-11-17T23:29:16.202613Z","level":"INFO","fields":{"message":"Initial Pass: Copying files..."},"target":"simple_site_builder::builder"}
{"timestamp":"2025-11-17T23:29:16.206404Z","level":"INFO","fields":{"message":"Initial Pass: Transform Files..."},"target":"simple_site_builder::builder"}
{"timestamp":"2025-11-17T23:29:16.206797Z","level":"INFO","fields":{"message":"Loading JSONs."},"target":"simple_site_builder::builder"}
{"timestamp":"2025-11-17T23:29:16.263220Z","level":"INFO","fields":{"message":"Output Pass: Loading File List..."},"target":"simple_site_builder::builder"}
{"timestamp":"2025-11-17T23:29:16.263531Z","level":"INFO","fields":{"message":"Initial Pass: Copying files..."},"target":"simple_site_builder::builder"}
{"timestamp":"2025-11-17T23:29:16.267563Z","level":"INFO","fields":{"message":"Initial Pass: Transform Files..."},"target":"simple_site_builder::builder"}
{"timestamp":"2025-11-17T23:29:16.267917Z","level":"INFO","fields":{"message":"Loading JSONs."},"target":"simple_site_builder::builder"}
{"timestamp":"2025-11-17T23:29:16.271380Z","level":"INFO","fields":{"message":"Build complete. Reloading browser on port 5444."},"target":"simple_site_builder::builder"}
